2018-05-17 08:20:53 +0000  Initial pipeline context: <IDEDistributionProcessingPipelineContext: 0x7fc3c7086400; archive(resolved)='<IDEArchive: 0x7fc3c8b59780>', distributionTask(resolved)='2', distributionMethod(resolved)='<IDEDistributionMethodiOSAppStoreExport: 0x7fc3db1832f0>', team(resolved)='<IDEProvisioningBasicTeam: 0x7fc3c7089fe0; teamID='BH4Z76H7M6', teamName='xiaojun dai'>'>
	Chain (11, self inclusive):
	<IDEDistributionProcessingPipelineContext: 0x7fc3c7086400; archive = '<IDEArchive: 0x7fc3c8b59780>', distributionMethod='<IDEDistributionMethodiOSAppStoreExport: 0x7fc3db1832f0>', team='<IDEProvisioningBasicTeam: 0x7fc3c7089fe0; teamID='BH4Z76H7M6', teamName='xiaojun dai'>'>
	<IDEDistributionProcessingPipelineContext: 0x7fc3c7084970; archive = '<IDEArchive: 0x7fc3c8b59780>', distributionMethod='<IDEDistributionMethodiOSAppStoreExport: 0x7fc3db1832f0>', team='<IDEProvisioningBasicTeam: 0x7fc3c7089fe0; teamID='BH4Z76H7M6', teamName='xiaojun dai'>'>
	<IDEDistributionContext: 0x7fc3c8b7e1c0; archive = '<IDEArchive: 0x7fc3c8b59780>', distributionMethod='<IDEDistributionMethodiOSAppStoreExport: 0x7fc3db1832f0>', team='<IDEProvisioningBasicTeam: 0x7fc3c7089fe0; teamID='BH4Z76H7M6', teamName='xiaojun dai'>'>
	<IDEDistributionContext: 0x7fc3c8305700; archive = '<IDEArchive: 0x7fc3c8b59780>', distributionMethod='<IDEDistributionMethodiOSAppStoreExport: 0x7fc3db1832f0>', team='<IDEProvisioningBasicTeam: 0x7fc3c7089fe0; teamID='BH4Z76H7M6', teamName='xiaojun dai'>'>
	<IDEDistributionContext: 0x7fc3c8e88150; archive = '<IDEArchive: 0x7fc3c8b59780>', distributionMethod='<IDEDistributionMethodiOSAppStoreExport: 0x7fc3db1832f0>', team='<IDEProvisioningBasicTeam: 0x7fc3c7089fe0; teamID='BH4Z76H7M6', teamName='xiaojun dai'>'>
	<IDEDistributionContext: 0x7fc3c8be5b10; archive = '<IDEArchive: 0x7fc3c8b59780>', distributionMethod='<IDEDistributionMethodiOSAppStoreExport: 0x7fc3db1832f0>', team='<IDEProvisioningBasicTeam: 0x7fc3c7089fe0; teamID='BH4Z76H7M6', teamName='xiaojun dai'>'>
	<IDEDistributionContext: 0x7fc3c8b9a560; archive = '<IDEArchive: 0x7fc3c8b59780>', distributionMethod='<IDEDistributionMethodiOSAppStoreExport: 0x7fc3db1832f0>', team='<IDEProvisioningBasicTeam: 0x7fc3c7089fe0; teamID='BH4Z76H7M6', teamName='xiaojun dai'>'>
	<IDEDistributionContext: 0x7fc3e13b9550; archive = '<IDEArchive: 0x7fc3c8b59780>', distributionMethod='<IDEDistributionMethodiOSAppStoreExport: 0x7fc3db1832f0>', team='<IDEProvisioningBasicTeam: 0x7fc3c7089fe0; teamID='BH4Z76H7M6', teamName='xiaojun dai'>'>
	<IDEDistributionContext: 0x7fc3c8f01720; archive = '<IDEArchive: 0x7fc3c8b59780>', distributionMethod='<IDEDistributionMethodiOSAppStoreExport: 0x7fc3db1832f0>', team='<IDEProvisioningBasicTeam: 0x7fc3c7089fe0; teamID='BH4Z76H7M6', teamName='xiaojun dai'>'>
	<IDEDistributionContext: 0x7fc3e13df6d0; archive = '<IDEArchive: 0x7fc3c8b59780>', distributionMethod='<IDEDistributionMethodiOSAppStoreExport: 0x7fc3db1832f0>', team='(null)'>
	<IDEDistributionContext: 0x7fc3c841aca0; archive = '<IDEArchive: 0x7fc3c8b59780>', distributionMethod='(null)', team='(null)'>
</IDEDistributionProcessingPipelineContext: 0x7fc3c7086400>
2018-05-17 08:20:53 +0000  Processing step: IDEDistributionCreateDestRootStep
2018-05-17 08:20:53 +0000  Processing step: IDEDistributionCopyItemStep
2018-05-17 08:20:53 +0000  Running /usr/bin/ditto '-V' '/Users/masha/Library/Developer/Xcode/Archives/2018-05-17/Project 2018-5-17 下午4.18.xcarchive/Products/Applications/Project.app' '/var/folders/pc/h_j8hwf555j6htqpb3qpcdh40000gn/T/XcodeDistPipeline.jod/Root/Payload/Project.app'
2018-05-17 08:20:53 +0000  >>> Copying /Users/masha/Library/Developer/Xcode/Archives/2018-05-17/Project 2018-5-17 下午4.18.xcarchive/Products/Applications/Project.app 
2018-05-17 08:20:53 +0000  copying file ./_CodeSignature/CodeResources ... 
2018-05-17 08:20:53 +0000  33552 bytes for ./_CodeSignature/CodeResources
copying file ./LaunchImage-1100-Portrait-2436h@3x.png ... 
2018-05-17 08:20:53 +0000  5668209 bytes for ./LaunchImage-1100-Portrait-2436h@3x.png
2018-05-17 08:20:53 +0000  copying file ./LaunchImage@2x.png ... 
2018-05-17 08:20:53 +0000  1326436 bytes for ./LaunchImage@2x.png
copying file ./AppIcon20x20@2x.png ... 
2018-05-17 08:20:53 +0000  2568 bytes for ./AppIcon20x20@2x.png
copying file ./AppIcon20x20@3x.png ... 
2018-05-17 08:20:53 +0000  4046 bytes for ./AppIcon20x20@3x.png
2018-05-17 08:20:53 +0000  copying file ./MJRefresh.bundle/zh-Hans.lproj/Localizable.strings ... 
2018-05-17 08:20:53 +0000  1194 bytes for ./MJRefresh.bundle/zh-Hans.lproj/Localizable.strings
copying file ./MJRefresh.bundle/en.lproj/Localizable.strings ... 
1372 bytes for ./MJRefresh.bundle/en.lproj/Localizable.strings
copying file ./MJRefresh.bundle/arrow@2x.png ... 
1033 bytes for ./MJRefresh.bundle/arrow@2x.png
copying file ./MJRefresh.bundle/zh-Hant.lproj/Localizable.strings ... 
773 bytes for ./MJRefresh.bundle/zh-Hant.lproj/Localizable.strings
copying file ./LaunchImage-568h@2x.png ... 
2018-05-17 08:20:53 +0000  1579150 bytes for ./LaunchImage-568h@2x.png
copying file ./AppIcon60x60@2x.png ... 
8568 bytes for ./AppIcon60x60@2x.png
copying file ./AppIcon29x29@2x.png ... 
2018-05-17 08:20:53 +0000  4002 bytes for ./AppIcon29x29@2x.png
2018-05-17 08:20:53 +0000  copying file ./MJPhotoBrowser.bundle/save_icon_highlighted.png ... 
2018-05-17 08:20:53 +0000  1744 bytes for ./MJPhotoBrowser.bundle/save_icon_highlighted.png
copying file ./MJPhotoBrowser.bundle/save_icon@2x.png ... 
2018-05-17 08:20:53 +0000  2247 bytes for ./MJPhotoBrowser.bundle/save_icon@2x.png
2018-05-17 08:20:53 +0000  copying file ./MJPhotoBrowser.bundle/save_icon.png ... 
2018-05-17 08:20:53 +0000  1727 bytes for ./MJPhotoBrowser.bundle/save_icon.png
copying file ./MJPhotoBrowser.bundle/save_icon_highlighted@2x.png ... 
2018-05-17 08:20:53 +0000  2262 bytes for ./MJPhotoBrowser.bundle/save_icon_highlighted@2x.png
2018-05-17 08:20:53 +0000  copying file ./LaunchImage-800-667h@2x.png ... 
2018-05-17 08:20:53 +0000  2156602 bytes for ./LaunchImage-800-667h@2x.png
copying file ./AppIcon40x40@3x.png ... 
2018-05-17 08:20:53 +0000  8568 bytes for ./AppIcon40x40@3x.png
copying file ./AppIcon40x40@2x.png ... 
5059 bytes for ./AppIcon40x40@2x.png
copying file ./AVOSCloud_Art.inc ... 
2191 bytes for ./AVOSCloud_Art.inc
copying file ./AppIcon29x29@3x.png ... 
5598 bytes for ./AppIcon29x29@3x.png
copying file ./AppIcon60x60@3x.png ... 
2018-05-17 08:20:53 +0000  12382 bytes for ./AppIcon60x60@3x.png
2018-05-17 08:20:53 +0000  copying file ./Base.lproj/LaunchScreen.storyboardc/01J-lp-oVM-view-Ze5-6b-2t3.nib ... 
2018-05-17 08:20:53 +0000  3083 bytes for ./Base.lproj/LaunchScreen.storyboardc/01J-lp-oVM-view-Ze5-6b-2t3.nib
copying file ./Base.lproj/LaunchScreen.storyboardc/UIViewController-01J-lp-oVM.nib ... 
2018-05-17 08:20:53 +0000  832 bytes for ./Base.lproj/LaunchScreen.storyboardc/UIViewController-01J-lp-oVM.nib
2018-05-17 08:20:53 +0000  copying file ./Base.lproj/LaunchScreen.storyboardc/Info.plist ... 
2018-05-17 08:20:53 +0000  258 bytes for ./Base.lproj/LaunchScreen.storyboardc/Info.plist
2018-05-17 08:20:53 +0000  copying file ./Project ... 
2018-05-17 08:20:53 +0000  23272560 bytes for ./Project
2018-05-17 08:20:53 +0000  copying file ./Main.storyboardc/MineTableViewVC.nib/objects-11.0+.nib ... 
1671 bytes for ./Main.storyboardc/MineTableViewVC.nib/objects-11.0+.nib
copying file ./Main.storyboardc/MineTableViewVC.nib/runtime.nib ... 
1671 bytes for ./Main.storyboardc/MineTableViewVC.nib/runtime.nib
copying file ./Main.storyboardc/yCc-xJ-72c-view-oIG-8L-Q36.nib/objects-11.0+.nib ... 
2018-05-17 08:20:53 +0000  8824 bytes for ./Main.storyboardc/yCc-xJ-72c-view-oIG-8L-Q36.nib/objects-11.0+.nib
copying file ./Main.storyboardc/yCc-xJ-72c-view-oIG-8L-Q36.nib/runtime.nib ... 
2018-05-17 08:20:53 +0000  8900 bytes for ./Main.storyboardc/yCc-xJ-72c-view-oIG-8L-Q36.nib/runtime.nib
2018-05-17 08:20:53 +0000  copying file ./Main.storyboardc/hgT-7p-PGR-view-X9U-Sj-L9f.nib/objects-11.0+.nib ... 
2018-05-17 08:20:53 +0000  6081 bytes for ./Main.storyboardc/hgT-7p-PGR-view-X9U-Sj-L9f.nib/objects-11.0+.nib
copying file ./Main.storyboardc/hgT-7p-PGR-view-X9U-Sj-L9f.nib/runtime.nib ... 
2018-05-17 08:20:53 +0000  6218 bytes for ./Main.storyboardc/hgT-7p-PGR-view-X9U-Sj-L9f.nib/runtime.nib
2018-05-17 08:20:53 +0000  copying file ./Main.storyboardc/AttentionTableVC.nib/objects-11.0+.nib ... 
2018-05-17 08:20:53 +0000  1436 bytes for ./Main.storyboardc/AttentionTableVC.nib/objects-11.0+.nib
copying file ./Main.storyboardc/AttentionTableVC.nib/runtime.nib ... 
2018-05-17 08:20:53 +0000  1436 bytes for ./Main.storyboardc/AttentionTableVC.nib/runtime.nib
2018-05-17 08:20:53 +0000  copying file ./Main.storyboardc/cj7-Q1-XqU-view-U7e-UX-hbD.nib/objects-11.0+.nib ... 
1149 bytes for ./Main.storyboardc/cj7-Q1-XqU-view-U7e-UX-hbD.nib/objects-11.0+.nib
copying file ./Main.storyboardc/cj7-Q1-XqU-view-U7e-UX-hbD.nib/runtime.nib ... 
2018-05-17 08:20:53 +0000  1999 bytes for ./Main.storyboardc/cj7-Q1-XqU-view-U7e-UX-hbD.nib/runtime.nib
2018-05-17 08:20:53 +0000  copying file ./Main.storyboardc/UITabBarController-SQ6-u6-o7I.nib/objects-11.0+.nib ... 
2018-05-17 08:20:53 +0000  6317 bytes for ./Main.storyboardc/UITabBarController-SQ6-u6-o7I.nib/objects-11.0+.nib
copying file ./Main.storyboardc/UITabBarController-SQ6-u6-o7I.nib/runtime.nib ... 
2018-05-17 08:20:53 +0000  6317 bytes for ./Main.storyboardc/UITabBarController-SQ6-u6-o7I.nib/runtime.nib
2018-05-17 08:20:53 +0000  copying file ./Main.storyboardc/Bzi-Sw-1RU-view-vUm-tZ-t8r.nib/objects-11.0+.nib ... 
2018-05-17 08:20:53 +0000  9527 bytes for ./Main.storyboardc/Bzi-Sw-1RU-view-vUm-tZ-t8r.nib/objects-11.0+.nib
copying file ./Main.storyboardc/Bzi-Sw-1RU-view-vUm-tZ-t8r.nib/runtime.nib ... 
2018-05-17 08:20:53 +0000  9667 bytes for ./Main.storyboardc/Bzi-Sw-1RU-view-vUm-tZ-t8r.nib/runtime.nib
2018-05-17 08:20:53 +0000  copying file ./Main.storyboardc/JpL-em-pv2-view-nfk-FY-KwP.nib/objects-11.0+.nib ... 
2018-05-17 08:20:53 +0000  6873 bytes for ./Main.storyboardc/JpL-em-pv2-view-nfk-FY-KwP.nib/objects-11.0+.nib
copying file ./Main.storyboardc/JpL-em-pv2-view-nfk-FY-KwP.nib/runtime.nib ... 
2018-05-17 08:20:53 +0000  6994 bytes for ./Main.storyboardc/JpL-em-pv2-view-nfk-FY-KwP.nib/runtime.nib
2018-05-17 08:20:53 +0000  copying file ./Main.storyboardc/IHM-VO-6SJ-view-xNq-Dn-jHK.nib/objects-11.0+.nib ... 
3887 bytes for ./Main.storyboardc/IHM-VO-6SJ-view-xNq-Dn-jHK.nib/objects-11.0+.nib
2018-05-17 08:20:53 +0000  copying file ./Main.storyboardc/IHM-VO-6SJ-view-xNq-Dn-jHK.nib/runtime.nib ... 
4006 bytes for ./Main.storyboardc/IHM-VO-6SJ-view-xNq-Dn-jHK.nib/runtime.nib
copying file ./Main.storyboardc/xnl-DG-cbh-view-lAx-Ed-cmU.nib/objects-11.0+.nib ... 
2018-05-17 08:20:53 +0000  8559 bytes for ./Main.storyboardc/xnl-DG-cbh-view-lAx-Ed-cmU.nib/objects-11.0+.nib
2018-05-17 08:20:53 +0000  copying file ./Main.storyboardc/xnl-DG-cbh-view-lAx-Ed-cmU.nib/runtime.nib ... 
2018-05-17 08:20:53 +0000  8679 bytes for ./Main.storyboardc/xnl-DG-cbh-view-lAx-Ed-cmU.nib/runtime.nib
2018-05-17 08:20:53 +0000  copying file ./Main.storyboardc/JsJ-mN-CD1-view-sKg-kt-PeP.nib/objects-11.0+.nib ... 
2018-05-17 08:20:53 +0000  10318 bytes for ./Main.storyboardc/JsJ-mN-CD1-view-sKg-kt-PeP.nib/objects-11.0+.nib
copying file ./Main.storyboardc/JsJ-mN-CD1-view-sKg-kt-PeP.nib/runtime.nib ... 
2018-05-17 08:20:53 +0000  10566 bytes for ./Main.storyboardc/JsJ-mN-CD1-view-sKg-kt-PeP.nib/runtime.nib
2018-05-17 08:20:53 +0000  copying file ./Main.storyboardc/AuthorVC.nib/objects-11.0+.nib ... 
1601 bytes for ./Main.storyboardc/AuthorVC.nib/objects-11.0+.nib
copying file ./Main.storyboardc/AuthorVC.nib/runtime.nib ... 
2018-05-17 08:20:53 +0000  1601 bytes for ./Main.storyboardc/AuthorVC.nib/runtime.nib
2018-05-17 08:20:53 +0000  copying file ./Main.storyboardc/ImageStoryVC.nib/objects-11.0+.nib ... 
2298 bytes for ./Main.storyboardc/ImageStoryVC.nib/objects-11.0+.nib
copying file ./Main.storyboardc/ImageStoryVC.nib/runtime.nib ... 
2018-05-17 08:20:53 +0000  2298 bytes for ./Main.storyboardc/ImageStoryVC.nib/runtime.nib
2018-05-17 08:20:53 +0000  copying file ./Main.storyboardc/UIViewController-IHM-VO-6SJ.nib/objects-11.0+.nib ... 
2018-05-17 08:20:53 +0000  1066 bytes for ./Main.storyboardc/UIViewController-IHM-VO-6SJ.nib/objects-11.0+.nib
copying file ./Main.storyboardc/UIViewController-IHM-VO-6SJ.nib/runtime.nib ... 
2018-05-17 08:20:53 +0000  1066 bytes for ./Main.storyboardc/UIViewController-IHM-VO-6SJ.nib/runtime.nib
copying file ./Main.storyboardc/UIViewController-JsJ-mN-CD1.nib/objects-11.0+.nib ... 
2018-05-17 08:20:53 +0000  1609 bytes for ./Main.storyboardc/UIViewController-JsJ-mN-CD1.nib/objects-11.0+.nib
copying file ./Main.storyboardc/UIViewController-JsJ-mN-CD1.nib/runtime.nib ... 
2018-05-17 08:20:53 +0000  1609 bytes for ./Main.storyboardc/UIViewController-JsJ-mN-CD1.nib/runtime.nib
2018-05-17 08:20:53 +0000  copying file ./Main.storyboardc/UIViewController-cj7-Q1-XqU.nib/objects-11.0+.nib ... 
2018-05-17 08:20:53 +0000  922 bytes for ./Main.storyboardc/UIViewController-cj7-Q1-XqU.nib/objects-11.0+.nib
copying file ./Main.storyboardc/UIViewController-cj7-Q1-XqU.nib/runtime.nib ... 
2018-05-17 08:20:53 +0000  922 bytes for ./Main.storyboardc/UIViewController-cj7-Q1-XqU.nib/runtime.nib
2018-05-17 08:20:53 +0000  copying file ./Main.storyboardc/CollectTableVC.nib/objects-11.0+.nib ... 
2018-05-17 08:20:53 +0000  1472 bytes for ./Main.storyboardc/CollectTableVC.nib/objects-11.0+.nib
copying file ./Main.storyboardc/CollectTableVC.nib/runtime.nib ... 
2018-05-17 08:20:53 +0000  1472 bytes for ./Main.storyboardc/CollectTableVC.nib/runtime.nib
2018-05-17 08:20:53 +0000  copying file ./Main.storyboardc/XNl-mY-nF3-view-ZUP-De-tRh.nib/objects-11.0+.nib ... 
2018-05-17 08:20:53 +0000  9625 bytes for ./Main.storyboardc/XNl-mY-nF3-view-ZUP-De-tRh.nib/objects-11.0+.nib
copying file ./Main.storyboardc/XNl-mY-nF3-view-ZUP-De-tRh.nib/runtime.nib ... 
2018-05-17 08:20:53 +0000  9754 bytes for ./Main.storyboardc/XNl-mY-nF3-view-ZUP-De-tRh.nib/runtime.nib
2018-05-17 08:20:53 +0000  copying file ./Main.storyboardc/z1g-Ut-w5u-view-LPi-5P-lex.nib/objects-11.0+.nib ... 
2018-05-17 08:20:53 +0000  2368 bytes for ./Main.storyboardc/z1g-Ut-w5u-view-LPi-5P-lex.nib/objects-11.0+.nib
2018-05-17 08:20:53 +0000  copying file ./Main.storyboardc/z1g-Ut-w5u-view-LPi-5P-lex.nib/runtime.nib ... 
2018-05-17 08:20:53 +0000  2498 bytes for ./Main.storyboardc/z1g-Ut-w5u-view-LPi-5P-lex.nib/runtime.nib
2018-05-17 08:20:53 +0000  copying file ./Main.storyboardc/UITableViewController-XNl-mY-nF3.nib/objects-11.0+.nib ... 
2018-05-17 08:20:53 +0000  1721 bytes for ./Main.storyboardc/UITableViewController-XNl-mY-nF3.nib/objects-11.0+.nib
copying file ./Main.storyboardc/UITableViewController-XNl-mY-nF3.nib/runtime.nib ... 
1721 bytes for ./Main.storyboardc/UITableViewController-XNl-mY-nF3.nib/runtime.nib
2018-05-17 08:20:53 +0000  copying file ./Main.storyboardc/Info.plist ... 
2018-05-17 08:20:53 +0000  771 bytes for ./Main.storyboardc/Info.plist
2018-05-17 08:20:53 +0000  copying file ./Main.storyboardc/eRi-9e-4lH-view-af6-L4-VCs.nib/objects-11.0+.nib ... 
2018-05-17 08:20:53 +0000  9269 bytes for ./Main.storyboardc/eRi-9e-4lH-view-af6-L4-VCs.nib/objects-11.0+.nib
2018-05-17 08:20:53 +0000  copying file ./Main.storyboardc/eRi-9e-4lH-view-af6-L4-VCs.nib/runtime.nib ... 
2018-05-17 08:20:53 +0000  9400 bytes for ./Main.storyboardc/eRi-9e-4lH-view-af6-L4-VCs.nib/runtime.nib
2018-05-17 08:20:53 +0000  copying file ./Main.storyboardc/PhW-Cc-Yln-view-UmQ-AW-Wvv.nib/objects-11.0+.nib ... 
2018-05-17 08:20:53 +0000  7178 bytes for ./Main.storyboardc/PhW-Cc-Yln-view-UmQ-AW-Wvv.nib/objects-11.0+.nib
2018-05-17 08:20:53 +0000  copying file ./Main.storyboardc/PhW-Cc-Yln-view-UmQ-AW-Wvv.nib/runtime.nib ... 
2018-05-17 08:20:53 +0000  7438 bytes for ./Main.storyboardc/PhW-Cc-Yln-view-UmQ-AW-Wvv.nib/runtime.nib
2018-05-17 08:20:53 +0000  copying file ./Main.storyboardc/WebViewController.nib/objects-11.0+.nib ... 
2018-05-17 08:20:53 +0000  996 bytes for ./Main.storyboardc/WebViewController.nib/objects-11.0+.nib
copying file ./Main.storyboardc/WebViewController.nib/runtime.nib ... 
2018-05-17 08:20:53 +0000  996 bytes for ./Main.storyboardc/WebViewController.nib/runtime.nib
2018-05-17 08:20:53 +0000  copying file ./Main.storyboardc/SSP-Vz-Zsi-view-e47-x4-94n.nib/objects-11.0+.nib ... 
2018-05-17 08:20:53 +0000  6288 bytes for ./Main.storyboardc/SSP-Vz-Zsi-view-e47-x4-94n.nib/objects-11.0+.nib
2018-05-17 08:20:53 +0000  copying file ./Main.storyboardc/SSP-Vz-Zsi-view-e47-x4-94n.nib/runtime.nib ... 
2018-05-17 08:20:53 +0000  6420 bytes for ./Main.storyboardc/SSP-Vz-Zsi-view-e47-x4-94n.nib/runtime.nib
2018-05-17 08:20:53 +0000  copying file ./Assets.car ... 
2018-05-17 08:20:53 +0000  802616 bytes for ./Assets.car
copying file ./LaunchImage-800-Portrait-736h@3x.png ... 
2018-05-17 08:20:53 +0000  5550167 bytes for ./LaunchImage-800-Portrait-736h@3x.png
copying file ./LaunchImage-700@2x.png ... 
2018-05-17 08:20:53 +0000  1326436 bytes for ./LaunchImage-700@2x.png
copying file ./LaunchImage-700-568h@2x.png ... 
2018-05-17 08:20:53 +0000  1579150 bytes for ./LaunchImage-700-568h@2x.png
copying file ./LaunchImage.png ... 
2018-05-17 08:20:53 +0000  266864 bytes for ./LaunchImage.png
copying file ./embedded.mobileprovision ... 
9677 bytes for ./embedded.mobileprovision
2018-05-17 08:20:53 +0000  copying file ./SVProgressHUD.bundle/error@3x.png ... 
2018-05-17 08:20:53 +0000  2315 bytes for ./SVProgressHUD.bundle/error@3x.png
2018-05-17 08:20:53 +0000  copying file ./SVProgressHUD.bundle/angle-mask@3x.png ... 
2018-05-17 08:20:53 +0000  9389 bytes for ./SVProgressHUD.bundle/angle-mask@3x.png
2018-05-17 08:20:53 +0000  copying file ./SVProgressHUD.bundle/angle-mask@2x.png ... 
2018-05-17 08:20:53 +0000  5614 bytes for ./SVProgressHUD.bundle/angle-mask@2x.png
copying file ./SVProgressHUD.bundle/error@2x.png ... 
2018-05-17 08:20:53 +0000  1137 bytes for ./SVProgressHUD.bundle/error@2x.png
copying file ./SVProgressHUD.bundle/success@2x.png ... 
2018-05-17 08:20:53 +0000  811 bytes for ./SVProgressHUD.bundle/success@2x.png
2018-05-17 08:20:53 +0000  copying file ./SVProgressHUD.bundle/success@3x.png ... 
2018-05-17 08:20:53 +0000  1576 bytes for ./SVProgressHUD.bundle/success@3x.png
2018-05-17 08:20:53 +0000  copying file ./SVProgressHUD.bundle/error.png ... 
2018-05-17 08:20:53 +0000  455 bytes for ./SVProgressHUD.bundle/error.png
2018-05-17 08:20:53 +0000  copying file ./SVProgressHUD.bundle/success.png ... 
2018-05-17 08:20:53 +0000  349 bytes for ./SVProgressHUD.bundle/success.png
2018-05-17 08:20:53 +0000  copying file ./SVProgressHUD.bundle/angle-mask.png ... 
2018-05-17 08:20:53 +0000  3482 bytes for ./SVProgressHUD.bundle/angle-mask.png
2018-05-17 08:20:53 +0000  copying file ./Info.plist ... 
2018-05-17 08:20:53 +0000  1923 bytes for ./Info.plist
copying file ./PkgInfo ... 
2018-05-17 08:20:53 +0000  8 bytes for ./PkgInfo
2018-05-17 08:20:53 +0000  2018-05-17 08:20:53 +0000  

2018-05-17 08:20:53 +0000  /usr/bin/ditto exited with 02018-05-17 08:20:53 +0000  

2018-05-17 08:20:53 +0000  
2018-05-17 08:20:53 +0000  
2018-05-17 08:20:53 +0000  Processing step: IDEDistributionEmbedProfileStep
2018-05-17 08:20:53 +0000  Processing step: IDEDistributionItemRemovalStep
2018-05-17 08:20:53 +0000  Processing step: IDEDistributionAppThinningPlistStep
2018-05-17 08:20:53 +0000  Skipping step: IDEDistributionAppThinningPlistStep because it said so
2018-05-17 08:20:53 +0000  Processing step: IDEDistributionCompileBitcodeStep
2018-05-17 08:20:53 +0000  Skipping step: IDEDistributionCompileBitcodeStep because it said so
2018-05-17 08:20:53 +0000  Processing step: IDEDistributionCodeSlimmingStep
2018-05-17 08:20:54 +0000  Processing step: IDEDistributionCopyBCSymbolMapsStep
2018-05-17 08:20:54 +0000  Running /usr/bin/ditto '-V' '/Users/masha/Library/Developer/Xcode/Archives/2018-05-17/Project 2018-5-17 下午4.18.xcarchive/BCSymbolMaps/59C4EAA2-BDA2-302D-A308-2BE75DA50B17.bcsymbolmap' '/var/folders/pc/h_j8hwf555j6htqpb3qpcdh40000gn/T/XcodeDistPipeline.jod/Root/BCSymbolMaps/59C4EAA2-BDA2-302D-A308-2BE75DA50B17.bcsymbolmap'
2018-05-17 08:20:54 +0000  >>> Copying /Users/masha/Library/Developer/Xcode/Archives/2018-05-17/Project 2018-5-17 下午4.18.xcarchive/BCSymbolMaps/59C4EAA2-BDA2-302D-A308-2BE75DA50B17.bcsymbolmap 
2018-05-17 08:20:54 +0000  copying file ./59C4EAA2-BDA2-302D-A308-2BE75DA50B17.bcsymbolmap ... 
2018-05-17 08:20:54 +0000  387182 bytes for ./59C4EAA2-BDA2-302D-A308-2BE75DA50B17.bcsymbolmap
2018-05-17 08:20:54 +0000  2018-05-17 08:20:54 +0000  

2018-05-17 08:20:54 +0000  /usr/bin/ditto exited with 0
2018-05-17 08:20:54 +0000  2018-05-17 08:20:54 +0000  

2018-05-17 08:20:54 +0000  Running /usr/bin/ditto '-V' '/Users/masha/Library/Developer/Xcode/Archives/2018-05-17/Project 2018-5-17 下午4.18.xcarchive/BCSymbolMaps/3D934DCE-AFE9-3B30-BD45-CC0C518B7207.bcsymbolmap' '/var/folders/pc/h_j8hwf555j6htqpb3qpcdh40000gn/T/XcodeDistPipeline.jod/Root/BCSymbolMaps/3D934DCE-AFE9-3B30-BD45-CC0C518B7207.bcsymbolmap'
2018-05-17 08:20:54 +0000  >>> Copying /Users/masha/Library/Developer/Xcode/Archives/2018-05-17/Project 2018-5-17 下午4.18.xcarchive/BCSymbolMaps/3D934DCE-AFE9-3B30-BD45-CC0C518B7207.bcsymbolmap 
2018-05-17 08:20:54 +0000  copying file ./3D934DCE-AFE9-3B30-BD45-CC0C518B7207.bcsymbolmap ... 
2018-05-17 08:20:54 +0000  386204 bytes for ./3D934DCE-AFE9-3B30-BD45-CC0C518B7207.bcsymbolmap
2018-05-17 08:20:54 +0000  2018-05-17 08:20:54 +0000  

2018-05-17 08:20:54 +0000  /usr/bin/ditto exited with 0
2018-05-17 08:20:54 +0000  
2018-05-17 08:20:54 +0000  
2018-05-17 08:20:54 +0000  Processing step: IDEDistributionSymbolsStep
2018-05-17 08:20:54 +0000  Excluding symbols for Project.app
2018-05-17 08:20:54 +0000  Processing step: IDEDistributionCopyAppleProvidedContentStep
2018-05-17 08:20:54 +0000  Processing step: IDEDistributionAppThinningStep
2018-05-17 08:20:54 +0000  Skipping step: IDEDistributionAppThinningStep because it said so
2018-05-17 08:20:54 +0000  Processing step: IDEDistributionODRStep
2018-05-17 08:20:54 +0000  Processing step: IDEDistributionStripXattrsStep
2018-05-17 08:20:54 +0000  Running /usr/bin/xattr '-crs' '/var/folders/pc/h_j8hwf555j6htqpb3qpcdh40000gn/T/XcodeDistPipeline.jod/Root/Payload/Project.app'
2018-05-17 08:20:54 +0000  
2018-05-17 08:20:54 +0000  /usr/bin/xattr exited with 02018-05-17 08:20:54 +0000  

2018-05-17 08:20:54 +0000  
2018-05-17 08:20:54 +0000  Processing step: IDEDistributionCodesignStep
2018-05-17 08:20:54 +0000  Entitlements for <IDEDistributionItem: 0x7fc3c70865a0 'com.imageStory' '<DVTFilePath:0x7fc3c8d88150:'/Users/masha/Library/Developer/Xcode/Archives/2018-05-17/Project 2018-5-17 下午4.18.xcarchive/Products/Applications/Project.app'>'>: {
    "application-identifier" = "BH4Z76H7M6.com.imageStory";
    "beta-reports-active" = 1;
    "com.apple.developer.team-identifier" = BH4Z76H7M6;
    "get-task-allow" = 0;
    "keychain-access-groups" =     (
        "BH4Z76H7M6.com.imageStory"
    );
}
2018-05-17 08:20:54 +0000  Writing entitlements for <IDEDistributionItem: 0x7fc3c70865a0 'com.imageStory' '<DVTFilePath:0x7fc3c8d88150:'/Users/masha/Library/Developer/Xcode/Archives/2018-05-17/Project 2018-5-17 下午4.18.xcarchive/Products/Applications/Project.app'>'> to: /var/folders/pc/h_j8hwf555j6htqpb3qpcdh40000gn/T/XcodeDistPipeline.jod/entitlementsBuVVBg
2018-05-17 08:20:54 +0000  Running /usr/bin/codesign '-vvv' '--force' '--sign' 'FD805434C5C933A442C8E813E60477CD82BEEB87' '--preserve-metadata=identifier,flags' '--entitlements' '/var/folders/pc/h_j8hwf555j6htqpb3qpcdh40000gn/T/XcodeDistPipeline.jod/entitlementsBuVVBg' '/var/folders/pc/h_j8hwf555j6htqpb3qpcdh40000gn/T/XcodeDistPipeline.jod/Root/Payload/Project.app'
2018-05-17 08:20:55 +0000  /var/folders/pc/h_j8hwf555j6htqpb3qpcdh40000gn/T/XcodeDistPipeline.jod/Root/Payload/Project.app: signed app bundle with Mach-O universal (armv7 arm64) [com.imageStory]
2018-05-17 08:20:55 +0000  
2018-05-17 08:20:55 +0000  2018-05-17 08:20:55 +0000  /usr/bin/codesign exited with 0

2018-05-17 08:20:55 +0000  
2018-05-17 08:20:55 +0000  Processing step: IDEDistributionStreamingZipItemStep
2018-05-17 08:20:55 +0000  Skipping step: IDEDistributionStreamingZipItemStep because it said so
2018-05-17 08:20:55 +0000  Processing step: IDEDistributionCreateIPAStep
2018-05-17 08:20:55 +0000  Running /usr/bin/ditto '-V' '-c' '-k' '--norsrc' '/var/folders/pc/h_j8hwf555j6htqpb3qpcdh40000gn/T/XcodeDistPipeline.jod/Root' '/var/folders/pc/h_j8hwf555j6htqpb3qpcdh40000gn/T/XcodeDistPipeline.jod/Packages/Project.ipa'
2018-05-17 08:20:55 +0000  >>> Copying /var/folders/pc/h_j8hwf555j6htqpb3qpcdh40000gn/T/XcodeDistPipeline.jod/Root 
2018-05-17 08:20:55 +0000  copying file ./BCSymbolMaps/3D934DCE-AFE9-3B30-BD45-CC0C518B7207.bcsymbolmap ... 
2018-05-17 08:20:55 +0000  386204 bytes for ./BCSymbolMaps/3D934DCE-AFE9-3B30-BD45-CC0C518B7207.bcsymbolmap
copying file ./BCSymbolMaps/59C4EAA2-BDA2-302D-A308-2BE75DA50B17.bcsymbolmap ... 
2018-05-17 08:20:55 +0000  387182 bytes for ./BCSymbolMaps/59C4EAA2-BDA2-302D-A308-2BE75DA50B17.bcsymbolmap
2018-05-17 08:20:55 +0000  copying file ./Payload/Project.app/_CodeSignature/CodeResources ... 
33552 bytes for ./Payload/Project.app/_CodeSignature/CodeResources
copying file ./Payload/Project.app/LaunchImage-1100-Portrait-2436h@3x.png ... 
2018-05-17 08:20:55 +0000  5668209 bytes for ./Payload/Project.app/LaunchImage-1100-Portrait-2436h@3x.png
copying file ./Payload/Project.app/LaunchImage@2x.png ... 
2018-05-17 08:20:55 +0000  1326436 bytes for ./Payload/Project.app/LaunchImage@2x.png
copying file ./Payload/Project.app/AppIcon20x20@2x.png ... 
2018-05-17 08:20:55 +0000  2568 bytes for ./Payload/Project.app/AppIcon20x20@2x.png
copying file ./Payload/Project.app/AppIcon20x20@3x.png ... 
4046 bytes for ./Payload/Project.app/AppIcon20x20@3x.png
copying file ./Payload/Project.app/MJRefresh.bundle/zh-Hans.lproj/Localizable.strings ... 
1194 bytes for ./Payload/Project.app/MJRefresh.bundle/zh-Hans.lproj/Localizable.strings
copying file ./Payload/Project.app/MJRefresh.bundle/en.lproj/Localizable.strings ... 
2018-05-17 08:20:55 +0000  1372 bytes for ./Payload/Project.app/MJRefresh.bundle/en.lproj/Localizable.strings
copying file ./Payload/Project.app/MJRefresh.bundle/arrow@2x.png ... 
2018-05-17 08:20:55 +0000  1033 bytes for ./Payload/Project.app/MJRefresh.bundle/arrow@2x.png
copying file ./Payload/Project.app/MJRefresh.bundle/zh-Hant.lproj/Localizable.strings ... 
2018-05-17 08:20:55 +0000  773 bytes for ./Payload/Project.app/MJRefresh.bundle/zh-Hant.lproj/Localizable.strings
2018-05-17 08:20:55 +0000  copying file ./Payload/Project.app/LaunchImage-568h@2x.png ... 
2018-05-17 08:20:55 +0000  1579150 bytes for ./Payload/Project.app/LaunchImage-568h@2x.png
2018-05-17 08:20:55 +0000  copying file ./Payload/Project.app/AppIcon60x60@2x.png ... 
8568 bytes for ./Payload/Project.app/AppIcon60x60@2x.png
copying file ./Payload/Project.app/AppIcon29x29@2x.png ... 
4002 bytes for ./Payload/Project.app/AppIcon29x29@2x.png
copying file ./Payload/Project.app/MJPhotoBrowser.bundle/save_icon_highlighted.png ... 
1744 bytes for ./Payload/Project.app/MJPhotoBrowser.bundle/save_icon_highlighted.png
copying file ./Payload/Project.app/MJPhotoBrowser.bundle/save_icon@2x.png ... 
2018-05-17 08:20:55 +0000  2247 bytes for ./Payload/Project.app/MJPhotoBrowser.bundle/save_icon@2x.png
copying file ./Payload/Project.app/MJPhotoBrowser.bundle/save_icon.png ... 
2018-05-17 08:20:55 +0000  1727 bytes for ./Payload/Project.app/MJPhotoBrowser.bundle/save_icon.png
2018-05-17 08:20:55 +0000  copying file ./Payload/Project.app/MJPhotoBrowser.bundle/save_icon_highlighted@2x.png ... 
2018-05-17 08:20:55 +0000  2262 bytes for ./Payload/Project.app/MJPhotoBrowser.bundle/save_icon_highlighted@2x.png
2018-05-17 08:20:55 +0000  copying file ./Payload/Project.app/LaunchImage-800-667h@2x.png ... 
2018-05-17 08:20:55 +0000  2156602 bytes for ./Payload/Project.app/LaunchImage-800-667h@2x.png
copying file ./Payload/Project.app/AppIcon40x40@3x.png ... 
2018-05-17 08:20:55 +0000  8568 bytes for ./Payload/Project.app/AppIcon40x40@3x.png
copying file ./Payload/Project.app/AppIcon40x40@2x.png ... 
5059 bytes for ./Payload/Project.app/AppIcon40x40@2x.png
copying file ./Payload/Project.app/AVOSCloud_Art.inc ... 
2191 bytes for ./Payload/Project.app/AVOSCloud_Art.inc
copying file ./Payload/Project.app/AppIcon29x29@3x.png ... 
2018-05-17 08:20:55 +0000  5598 bytes for ./Payload/Project.app/AppIcon29x29@3x.png
copying file ./Payload/Project.app/AppIcon60x60@3x.png ... 
2018-05-17 08:20:55 +0000  12382 bytes for ./Payload/Project.app/AppIcon60x60@3x.png
2018-05-17 08:20:55 +0000  copying file ./Payload/Project.app/Base.lproj/LaunchScreen.storyboardc/01J-lp-oVM-view-Ze5-6b-2t3.nib ... 
2018-05-17 08:20:55 +0000  3083 bytes for ./Payload/Project.app/Base.lproj/LaunchScreen.storyboardc/01J-lp-oVM-view-Ze5-6b-2t3.nib
copying file ./Payload/Project.app/Base.lproj/LaunchScreen.storyboardc/UIViewController-01J-lp-oVM.nib ... 
2018-05-17 08:20:55 +0000  832 bytes for ./Payload/Project.app/Base.lproj/LaunchScreen.storyboardc/UIViewController-01J-lp-oVM.nib
2018-05-17 08:20:55 +0000  copying file ./Payload/Project.app/Base.lproj/LaunchScreen.storyboardc/Info.plist ... 
258 bytes for ./Payload/Project.app/Base.lproj/LaunchScreen.storyboardc/Info.plist
2018-05-17 08:20:55 +0000  copying file ./Payload/Project.app/Project ... 
2018-05-17 08:20:56 +0000  19751552 bytes for ./Payload/Project.app/Project
2018-05-17 08:20:56 +0000  copying file ./Payload/Project.app/Main.storyboardc/MineTableViewVC.nib/objects-11.0+.nib ... 
1671 bytes for ./Payload/Project.app/Main.storyboardc/MineTableViewVC.nib/objects-11.0+.nib
copying file ./Payload/Project.app/Main.storyboardc/MineTableViewVC.nib/runtime.nib ... 
1671 bytes for ./Payload/Project.app/Main.storyboardc/MineTableViewVC.nib/runtime.nib
copying file ./Payload/Project.app/Main.storyboardc/yCc-xJ-72c-view-oIG-8L-Q36.nib/objects-11.0+.nib ... 
8824 bytes for ./Payload/Project.app/Main.storyboardc/yCc-xJ-72c-view-oIG-8L-Q36.nib/objects-11.0+.nib
copying file ./Payload/Project.app/Main.storyboardc/yCc-xJ-72c-view-oIG-8L-Q36.nib/runtime.nib ... 
2018-05-17 08:20:56 +0000  8900 bytes for ./Payload/Project.app/Main.storyboardc/yCc-xJ-72c-view-oIG-8L-Q36.nib/runtime.nib
2018-05-17 08:20:56 +0000  copying file ./Payload/Project.app/Main.storyboardc/hgT-7p-PGR-view-X9U-Sj-L9f.nib/objects-11.0+.nib ... 
2018-05-17 08:20:56 +0000  6081 bytes for ./Payload/Project.app/Main.storyboardc/hgT-7p-PGR-view-X9U-Sj-L9f.nib/objects-11.0+.nib
2018-05-17 08:20:56 +0000  copying file ./Payload/Project.app/Main.storyboardc/hgT-7p-PGR-view-X9U-Sj-L9f.nib/runtime.nib ... 
2018-05-17 08:20:56 +0000  6218 bytes for ./Payload/Project.app/Main.storyboardc/hgT-7p-PGR-view-X9U-Sj-L9f.nib/runtime.nib
2018-05-17 08:20:56 +0000  copying file ./Payload/Project.app/Main.storyboardc/AttentionTableVC.nib/objects-11.0+.nib ... 
2018-05-17 08:20:56 +0000  1436 bytes for ./Payload/Project.app/Main.storyboardc/AttentionTableVC.nib/objects-11.0+.nib
copying file ./Payload/Project.app/Main.storyboardc/AttentionTableVC.nib/runtime.nib ... 
2018-05-17 08:20:56 +0000  1436 bytes for ./Payload/Project.app/Main.storyboardc/AttentionTableVC.nib/runtime.nib
2018-05-17 08:20:56 +0000  copying file ./Payload/Project.app/Main.storyboardc/cj7-Q1-XqU-view-U7e-UX-hbD.nib/objects-11.0+.nib ... 
2018-05-17 08:20:56 +0000  1149 bytes for ./Payload/Project.app/Main.storyboardc/cj7-Q1-XqU-view-U7e-UX-hbD.nib/objects-11.0+.nib
copying file ./Payload/Project.app/Main.storyboardc/cj7-Q1-XqU-view-U7e-UX-hbD.nib/runtime.nib ... 
2018-05-17 08:20:56 +0000  1999 bytes for ./Payload/Project.app/Main.storyboardc/cj7-Q1-XqU-view-U7e-UX-hbD.nib/runtime.nib
2018-05-17 08:20:56 +0000  copying file ./Payload/Project.app/Main.storyboardc/UITabBarController-SQ6-u6-o7I.nib/objects-11.0+.nib ... 
2018-05-17 08:20:56 +0000  6317 bytes for ./Payload/Project.app/Main.storyboardc/UITabBarController-SQ6-u6-o7I.nib/objects-11.0+.nib
copying file ./Payload/Project.app/Main.storyboardc/UITabBarController-SQ6-u6-o7I.nib/runtime.nib ... 
2018-05-17 08:20:56 +0000  6317 bytes for ./Payload/Project.app/Main.storyboardc/UITabBarController-SQ6-u6-o7I.nib/runtime.nib
2018-05-17 08:20:56 +0000  copying file ./Payload/Project.app/Main.storyboardc/Bzi-Sw-1RU-view-vUm-tZ-t8r.nib/objects-11.0+.nib ... 
2018-05-17 08:20:56 +0000  9527 bytes for ./Payload/Project.app/Main.storyboardc/Bzi-Sw-1RU-view-vUm-tZ-t8r.nib/objects-11.0+.nib
copying file ./Payload/Project.app/Main.storyboardc/Bzi-Sw-1RU-view-vUm-tZ-t8r.nib/runtime.nib ... 
2018-05-17 08:20:56 +0000  9667 bytes for ./Payload/Project.app/Main.storyboardc/Bzi-Sw-1RU-view-vUm-tZ-t8r.nib/runtime.nib
copying file ./Payload/Project.app/Main.storyboardc/JpL-em-pv2-view-nfk-FY-KwP.nib/objects-11.0+.nib ... 
6873 bytes for ./Payload/Project.app/Main.storyboardc/JpL-em-pv2-view-nfk-FY-KwP.nib/objects-11.0+.nib
copying file ./Payload/Project.app/Main.storyboardc/JpL-em-pv2-view-nfk-FY-KwP.nib/runtime.nib ... 
2018-05-17 08:20:56 +0000  6994 bytes for ./Payload/Project.app/Main.storyboardc/JpL-em-pv2-view-nfk-FY-KwP.nib/runtime.nib
2018-05-17 08:20:56 +0000  copying file ./Payload/Project.app/Main.storyboardc/IHM-VO-6SJ-view-xNq-Dn-jHK.nib/objects-11.0+.nib ... 
2018-05-17 08:20:56 +0000  3887 bytes for ./Payload/Project.app/Main.storyboardc/IHM-VO-6SJ-view-xNq-Dn-jHK.nib/objects-11.0+.nib
copying file ./Payload/Project.app/Main.storyboardc/IHM-VO-6SJ-view-xNq-Dn-jHK.nib/runtime.nib ... 
2018-05-17 08:20:56 +0000  4006 bytes for ./Payload/Project.app/Main.storyboardc/IHM-VO-6SJ-view-xNq-Dn-jHK.nib/runtime.nib
2018-05-17 08:20:56 +0000  copying file ./Payload/Project.app/Main.storyboardc/xnl-DG-cbh-view-lAx-Ed-cmU.nib/objects-11.0+.nib ... 
2018-05-17 08:20:56 +0000  8559 bytes for ./Payload/Project.app/Main.storyboardc/xnl-DG-cbh-view-lAx-Ed-cmU.nib/objects-11.0+.nib
copying file ./Payload/Project.app/Main.storyboardc/xnl-DG-cbh-view-lAx-Ed-cmU.nib/runtime.nib ... 
2018-05-17 08:20:56 +0000  8679 bytes for ./Payload/Project.app/Main.storyboardc/xnl-DG-cbh-view-lAx-Ed-cmU.nib/runtime.nib
2018-05-17 08:20:56 +0000  copying file ./Payload/Project.app/Main.storyboardc/JsJ-mN-CD1-view-sKg-kt-PeP.nib/objects-11.0+.nib ... 
10318 bytes for ./Payload/Project.app/Main.storyboardc/JsJ-mN-CD1-view-sKg-kt-PeP.nib/objects-11.0+.nib
copying file ./Payload/Project.app/Main.storyboardc/JsJ-mN-CD1-view-sKg-kt-PeP.nib/runtime.nib ... 
2018-05-17 08:20:56 +0000  10566 bytes for ./Payload/Project.app/Main.storyboardc/JsJ-mN-CD1-view-sKg-kt-PeP.nib/runtime.nib
2018-05-17 08:20:56 +0000  copying file ./Payload/Project.app/Main.storyboardc/AuthorVC.nib/objects-11.0+.nib ... 
2018-05-17 08:20:56 +0000  1601 bytes for ./Payload/Project.app/Main.storyboardc/AuthorVC.nib/objects-11.0+.nib
copying file ./Payload/Project.app/Main.storyboardc/AuthorVC.nib/runtime.nib ... 
2018-05-17 08:20:56 +0000  1601 bytes for ./Payload/Project.app/Main.storyboardc/AuthorVC.nib/runtime.nib
2018-05-17 08:20:56 +0000  copying file ./Payload/Project.app/Main.storyboardc/ImageStoryVC.nib/objects-11.0+.nib ... 
2018-05-17 08:20:56 +0000  2298 bytes for ./Payload/Project.app/Main.storyboardc/ImageStoryVC.nib/objects-11.0+.nib
2018-05-17 08:20:56 +0000  copying file ./Payload/Project.app/Main.storyboardc/ImageStoryVC.nib/runtime.nib ... 
2018-05-17 08:20:56 +0000  2298 bytes for ./Payload/Project.app/Main.storyboardc/ImageStoryVC.nib/runtime.nib
2018-05-17 08:20:56 +0000  copying file ./Payload/Project.app/Main.storyboardc/UIViewController-IHM-VO-6SJ.nib/objects-11.0+.nib ... 
2018-05-17 08:20:56 +0000  1066 bytes for ./Payload/Project.app/Main.storyboardc/UIViewController-IHM-VO-6SJ.nib/objects-11.0+.nib
copying file ./Payload/Project.app/Main.storyboardc/UIViewController-IHM-VO-6SJ.nib/runtime.nib ... 
2018-05-17 08:20:56 +0000  1066 bytes for ./Payload/Project.app/Main.storyboardc/UIViewController-IHM-VO-6SJ.nib/runtime.nib
2018-05-17 08:20:56 +0000  copying file ./Payload/Project.app/Main.storyboardc/UIViewController-JsJ-mN-CD1.nib/objects-11.0+.nib ... 
2018-05-17 08:20:56 +0000  1609 bytes for ./Payload/Project.app/Main.storyboardc/UIViewController-JsJ-mN-CD1.nib/objects-11.0+.nib
copying file ./Payload/Project.app/Main.storyboardc/UIViewController-JsJ-mN-CD1.nib/runtime.nib ... 
2018-05-17 08:20:56 +0000  1609 bytes for ./Payload/Project.app/Main.storyboardc/UIViewController-JsJ-mN-CD1.nib/runtime.nib
2018-05-17 08:20:56 +0000  copying file ./Payload/Project.app/Main.storyboardc/UIViewController-cj7-Q1-XqU.nib/objects-11.0+.nib ... 
2018-05-17 08:20:56 +0000  922 bytes for ./Payload/Project.app/Main.storyboardc/UIViewController-cj7-Q1-XqU.nib/objects-11.0+.nib
copying file ./Payload/Project.app/Main.storyboardc/UIViewController-cj7-Q1-XqU.nib/runtime.nib ... 
2018-05-17 08:20:56 +0000  922 bytes for ./Payload/Project.app/Main.storyboardc/UIViewController-cj7-Q1-XqU.nib/runtime.nib
2018-05-17 08:20:56 +0000  copying file ./Payload/Project.app/Main.storyboardc/CollectTableVC.nib/objects-11.0+.nib ... 
2018-05-17 08:20:56 +0000  1472 bytes for ./Payload/Project.app/Main.storyboardc/CollectTableVC.nib/objects-11.0+.nib
copying file ./Payload/Project.app/Main.storyboardc/CollectTableVC.nib/runtime.nib ... 
2018-05-17 08:20:56 +0000  1472 bytes for ./Payload/Project.app/Main.storyboardc/CollectTableVC.nib/runtime.nib
2018-05-17 08:20:56 +0000  copying file ./Payload/Project.app/Main.storyboardc/XNl-mY-nF3-view-ZUP-De-tRh.nib/objects-11.0+.nib ... 
2018-05-17 08:20:56 +0000  9625 bytes for ./Payload/Project.app/Main.storyboardc/XNl-mY-nF3-view-ZUP-De-tRh.nib/objects-11.0+.nib
copying file ./Payload/Project.app/Main.storyboardc/XNl-mY-nF3-view-ZUP-De-tRh.nib/runtime.nib ... 
2018-05-17 08:20:56 +0000  9754 bytes for ./Payload/Project.app/Main.storyboardc/XNl-mY-nF3-view-ZUP-De-tRh.nib/runtime.nib
copying file ./Payload/Project.app/Main.storyboardc/z1g-Ut-w5u-view-LPi-5P-lex.nib/objects-11.0+.nib ... 
2368 bytes for ./Payload/Project.app/Main.storyboardc/z1g-Ut-w5u-view-LPi-5P-lex.nib/objects-11.0+.nib
copying file ./Payload/Project.app/Main.storyboardc/z1g-Ut-w5u-view-LPi-5P-lex.nib/runtime.nib ... 
2498 bytes for ./Payload/Project.app/Main.storyboardc/z1g-Ut-w5u-view-LPi-5P-lex.nib/runtime.nib
copying file ./Payload/Project.app/Main.storyboardc/UITableViewController-XNl-mY-nF3.nib/objects-11.0+.nib ... 
2018-05-17 08:20:56 +0000  1721 bytes for ./Payload/Project.app/Main.storyboardc/UITableViewController-XNl-mY-nF3.nib/objects-11.0+.nib
copying file ./Payload/Project.app/Main.storyboardc/UITableViewController-XNl-mY-nF3.nib/runtime.nib ... 
2018-05-17 08:20:56 +0000  1721 bytes for ./Payload/Project.app/Main.storyboardc/UITableViewController-XNl-mY-nF3.nib/runtime.nib
copying file ./Payload/Project.app/Main.storyboardc/Info.plist ... 
2018-05-17 08:20:56 +0000  771 bytes for ./Payload/Project.app/Main.storyboardc/Info.plist
2018-05-17 08:20:56 +0000  copying file ./Payload/Project.app/Main.storyboardc/eRi-9e-4lH-view-af6-L4-VCs.nib/objects-11.0+.nib ... 
2018-05-17 08:20:56 +0000  9269 bytes for ./Payload/Project.app/Main.storyboardc/eRi-9e-4lH-view-af6-L4-VCs.nib/objects-11.0+.nib
copying file ./Payload/Project.app/Main.storyboardc/eRi-9e-4lH-view-af6-L4-VCs.nib/runtime.nib ... 
2018-05-17 08:20:56 +0000  9400 bytes for ./Payload/Project.app/Main.storyboardc/eRi-9e-4lH-view-af6-L4-VCs.nib/runtime.nib
copying file ./Payload/Project.app/Main.storyboardc/PhW-Cc-Yln-view-UmQ-AW-Wvv.nib/objects-11.0+.nib ... 
7178 bytes for ./Payload/Project.app/Main.storyboardc/PhW-Cc-Yln-view-UmQ-AW-Wvv.nib/objects-11.0+.nib
copying file ./Payload/Project.app/Main.storyboardc/PhW-Cc-Yln-view-UmQ-AW-Wvv.nib/runtime.nib ... 
2018-05-17 08:20:56 +0000  7438 bytes for ./Payload/Project.app/Main.storyboardc/PhW-Cc-Yln-view-UmQ-AW-Wvv.nib/runtime.nib
2018-05-17 08:20:56 +0000  copying file ./Payload/Project.app/Main.storyboardc/WebViewController.nib/objects-11.0+.nib ... 
2018-05-17 08:20:56 +0000  996 bytes for ./Payload/Project.app/Main.storyboardc/WebViewController.nib/objects-11.0+.nib
copying file ./Payload/Project.app/Main.storyboardc/WebViewController.nib/runtime.nib ... 
2018-05-17 08:20:56 +0000  996 bytes for ./Payload/Project.app/Main.storyboardc/WebViewController.nib/runtime.nib
2018-05-17 08:20:56 +0000  copying file ./Payload/Project.app/Main.storyboardc/SSP-Vz-Zsi-view-e47-x4-94n.nib/objects-11.0+.nib ... 
2018-05-17 08:20:56 +0000  6288 bytes for ./Payload/Project.app/Main.storyboardc/SSP-Vz-Zsi-view-e47-x4-94n.nib/objects-11.0+.nib
copying file ./Payload/Project.app/Main.storyboardc/SSP-Vz-Zsi-view-e47-x4-94n.nib/runtime.nib ... 
2018-05-17 08:20:56 +0000  6420 bytes for ./Payload/Project.app/Main.storyboardc/SSP-Vz-Zsi-view-e47-x4-94n.nib/runtime.nib
2018-05-17 08:20:56 +0000  copying file ./Payload/Project.app/Assets.car ... 
2018-05-17 08:20:56 +0000  802616 bytes for ./Payload/Project.app/Assets.car
copying file ./Payload/Project.app/LaunchImage-800-Portrait-736h@3x.png ... 
2018-05-17 08:20:56 +0000  5550167 bytes for ./Payload/Project.app/LaunchImage-800-Portrait-736h@3x.png
copying file ./Payload/Project.app/LaunchImage-700@2x.png ... 
2018-05-17 08:20:56 +0000  1326436 bytes for ./Payload/Project.app/LaunchImage-700@2x.png
copying file ./Payload/Project.app/LaunchImage-700-568h@2x.png ... 
2018-05-17 08:20:56 +0000  1579150 bytes for ./Payload/Project.app/LaunchImage-700-568h@2x.png
copying file ./Payload/Project.app/LaunchImage.png ... 
2018-05-17 08:20:56 +0000  266864 bytes for ./Payload/Project.app/LaunchImage.png
copying file ./Payload/Project.app/embedded.mobileprovision ... 
2018-05-17 08:20:56 +0000  9445 bytes for ./Payload/Project.app/embedded.mobileprovision
copying file ./Payload/Project.app/SVProgressHUD.bundle/error@3x.png ... 
2315 bytes for ./Payload/Project.app/SVProgressHUD.bundle/error@3x.png
copying file ./Payload/Project.app/SVProgressHUD.bundle/angle-mask@3x.png ... 
2018-05-17 08:20:56 +0000  9389 bytes for ./Payload/Project.app/SVProgressHUD.bundle/angle-mask@3x.png
copying file ./Payload/Project.app/SVProgressHUD.bundle/angle-mask@2x.png ... 
2018-05-17 08:20:56 +0000  5614 bytes for ./Payload/Project.app/SVProgressHUD.bundle/angle-mask@2x.png
2018-05-17 08:20:56 +0000  copying file ./Payload/Project.app/SVProgressHUD.bundle/error@2x.png ... 
2018-05-17 08:20:56 +0000  1137 bytes for ./Payload/Project.app/SVProgressHUD.bundle/error@2x.png
copying file ./Payload/Project.app/SVProgressHUD.bundle/success@2x.png ... 
2018-05-17 08:20:56 +0000  811 bytes for ./Payload/Project.app/SVProgressHUD.bundle/success@2x.png
copying file ./Payload/Project.app/SVProgressHUD.bundle/success@3x.png ... 
2018-05-17 08:20:56 +0000  1576 bytes for ./Payload/Project.app/SVProgressHUD.bundle/success@3x.png
copying file ./Payload/Project.app/SVProgressHUD.bundle/error.png ... 
2018-05-17 08:20:56 +0000  455 bytes for ./Payload/Project.app/SVProgressHUD.bundle/error.png
2018-05-17 08:20:56 +0000  copying file ./Payload/Project.app/SVProgressHUD.bundle/success.png ... 
2018-05-17 08:20:56 +0000  349 bytes for ./Payload/Project.app/SVProgressHUD.bundle/success.png
copying file ./Payload/Project.app/SVProgressHUD.bundle/angle-mask.png ... 
2018-05-17 08:20:56 +0000  3482 bytes for ./Payload/Project.app/SVProgressHUD.bundle/angle-mask.png
copying file ./Payload/Project.app/Info.plist ... 
2018-05-17 08:20:56 +0000  1923 bytes for ./Payload/Project.app/Info.plist
copying file ./Payload/Project.app/PkgInfo ... 
2018-05-17 08:20:56 +0000  8 bytes for ./Payload/Project.app/PkgInfo
2018-05-17 08:20:56 +0000  2018-05-17 08:20:56 +0000  

2018-05-17 08:20:56 +0000  /usr/bin/ditto exited with 0
2018-05-17 08:20:56 +0000  2018-05-17 08:20:56 +0000  

2018-05-17 08:20:56 +0000  Processing step: IDEDistributionCreateManifestStep
2018-05-17 08:20:56 +0000  Skipping step: IDEDistributionCreateManifestStep because it said so
